PRT1
18
36
4 0 4 (0 16 56 ) (0 32 56 ) (0 32 -64 ) (0 16 -64 ) 
4 0 3 (0 32 56 ) (0 126 56 ) (0 126 -64 ) (0 32 -64 ) 
4 0 2 (3 16 -63 ) (3 16 56 ) (0 16 56 ) (0 16 -63 ) 
4 0 1 (3 16 -64 ) (94 16 -64 ) (94 16 56 ) (3 16 56 ) 
4 1 9 (94 0 56 ) (3 0 56 ) (3 0 -64 ) (94 0 -64 ) 
4 1 2 (3 16 56 ) (3 16 -63 ) (3 0 -63 ) (3 0 56 ) 
4 2 10 (3 0 56 ) (0 0 56 ) (0 0 -63 ) (3 0 -63 ) 
4 2 5 (0 0 -63 ) (0 0 56 ) (0 16 56 ) (0 16 -63 ) 
4 3 7 (-32 32 -60 ) (-32 32 56 ) (-64 32 56 ) (-64 32 -60 ) 
4 3 8 (-158 32 56 ) (-158 32 -64 ) (-64 32 -64 ) (-64 32 56 ) 
4 3 4 (-29 32 -64 ) (0 32 -64 ) (0 32 56 ) (-29 32 56 ) 
4 3 6 (-32 32 -64 ) (-29 32 -64 ) (-29 32 56 ) (-32 32 56 ) 
4 4 5 (-29 16 56 ) (-29 16 -63 ) (0 16 -63 ) (0 16 56 ) 
4 4 6 (-29 32 56 ) (-29 32 -64 ) (-29 16 -64 ) (-29 16 56 ) 
4 5 12 (0 0 -63 ) (0 0 56 ) (-29 0 56 ) (-29 0 -63 ) 
4 5 6 (-29 0 -63 ) (-29 0 56 ) (-29 16 56 ) (-29 16 -63 ) 
4 6 14 (-29 0 56 ) (-32 0 56 ) (-32 0 -64 ) (-29 0 -64 ) 
4 6 7 (-32 32 56 ) (-32 32 -60 ) (-32 0 -60 ) (-32 0 56 ) 
4 7 15 (-32 0 56 ) (-64 0 56 ) (-64 0 -60 ) (-32 0 -60 ) 
4 7 8 (-64 32 56 ) (-64 32 -60 ) (-64 0 -60 ) (-64 0 56 ) 
4 8 16 (-64 0 56 ) (-158 0 56 ) (-158 0 -64 ) (-64 0 -64 ) 
4 9 11 (3 -16 -64 ) (94 -16 -64 ) (94 -16 56 ) (3 -16 56 ) 
4 9 10 (3 -16 -63 ) (3 -16 56 ) (3 0 56 ) (3 0 -63 ) 
4 10 12 (0 0 56 ) (0 0 -63 ) (0 -16 -63 ) (0 -16 56 ) 
4 10 11 (3 -16 -63 ) (3 -16 56 ) (0 -16 56 ) (0 -16 -63 ) 
4 11 17 (0 -32 -64 ) (0 -126 -64 ) (0 -126 56 ) (0 -32 56 ) 
4 11 13 (0 -16 -64 ) (0 -32 -64 ) (0 -32 56 ) (0 -16 56 ) 
4 12 13 (-29 -16 56 ) (-29 -16 -63 ) (0 -16 -63 ) (0 -16 56 ) 
4 12 14 (-29 -16 -63 ) (-29 -16 56 ) (-29 0 56 ) (-29 0 -63 ) 
4 13 17 (-29 -32 -64 ) (0 -32 -64 ) (0 -32 56 ) (-29 -32 56 ) 
4 13 14 (-29 -16 -64 ) (-29 -32 -64 ) (-29 -32 56 ) (-29 -16 56 ) 
4 14 17 (-32 -32 -64 ) (-29 -32 -64 ) (-29 -32 56 ) (-32 -32 56 ) 
4 14 15 (-32 -32 -60 ) (-32 -32 56 ) (-32 0 56 ) (-32 0 -60 ) 
4 15 17 (-32 -32 -60 ) (-32 -32 56 ) (-64 -32 56 ) (-64 -32 -60 ) 
4 15 16 (-64 -32 -60 ) (-64 -32 56 ) (-64 0 56 ) (-64 0 -60 ) 
4 16 17 (-158 -32 56 ) (-158 -32 -64 ) (-64 -32 -64 ) (-64 -32 56 ) 
