


Using shader api: shaderapiempty.dll
materialPath: C:\Program Files (x86)\Steam\steamapps\common\Portal 2\portal2\materials
Loading a:\downloads\convine pkgs\arengitems\resources\instances\beepkg\mirror\mirror_0.vmf
ConVarRef gpu_level doesn't point to an existing ConVar
fixing up env_cubemap materials on brush sides...
0...1...2...3...4...5...6...7...8...9...100...1...2...3...4...5...6...7...8...9...10Processing areas...done (0)
Building Faces...done (0)
Chop Details...done (0)
Find Visible Detail Sides...done (0)
Merging details...done (0)
FixTjuncs...
PruneNodes...
WriteBSP...
done (0)
writing a:\downloads\convine pkgs\arengitems\resources\instances\beepkg\mirror\mirror_0.prt...Building visibility clusters...
done (0)
Finding displacement neighbors...
Finding lightmap sample positions...
Displacement Alpha : 0...1...2...3...4...5...6...7...8...9...10
Building Physics collision data...
done (0) (9689 bytes)
Placing detail props : 0...1...2...3...4...5...6...7...8...9...10
Compacting texture/material tables...
Reduced 32 texinfos to 18
Reduced 9 texdatas to 9 (265 bytes to 265)
Writing a:\downloads\convine pkgs\arengitems\resources\instances\beepkg\mirror\mirror_0.bsp

nummapplanes:     (   180 / 65536 )
nummapbrushes:    (    18 /  8192 )
nummapbrushsides: (   150 / 65536 )
num_map_overlays: (     1 /   512 )
nummodels:        (     1 /  1024 )
num_entities:     (    21 / 16384 )

0 seconds elapsed
[INFO] postcompiler.main(): HammerAddons postcompiler, srctools=v2.2.4.dev_6+d46509b, addons=v2.5.0
[INFO] postcompiler.main(): Map path is a:\downloads\convine pkgs\arengitems\resources\instances\beepkg\mirror\mirror_0.bsp
[WARNING] config.parse(): Cannot find a valid config file!
[WARNING] config.parse(): Writing default to "a:\downloads\convine pkgs\arengitems\resources\instances\beepkg\mirror\srctools.vdf"
[ERROR] logger.except_handler(): Uncaught Exception:
Traceback (most recent call last):
  File "srctools\scripts\postcompiler.py", line 281, in <module>
  File "srctools\scripts\postcompiler.py", line 94, in main
  File "srctools\scripts\config.py", line 87, in parse
ValueError: No game folder specified!
Add -game $gamedir to the command line, or set it in "a:\downloads\convine pkgs\arengitems\resources\instances\beepkg\mirror\srctools.vdf".



Using shader api: shaderapiempty.dll
materialPath: C:\Program Files (x86)\Steam\steamapps\common\Portal 2\portal2\materials
Loading a:\downloads\convine pkgs\arengitems\resources\instances\beepkg\mirror\mirror_0.vmf
ConVarRef gpu_level doesn't point to an existing ConVar
fixing up env_cubemap materials on brush sides...
0...1...2...3...4...5...6...7...8...9...100...1...2...3...4...5...6...7...8...9...10Processing areas...done (0)
Building Faces...done (0)
Chop Details...done (0)
Find Visible Detail Sides...done (0)
Merging details...done (0)
FixTjuncs...
PruneNodes...
WriteBSP...
done (0)
writing a:\downloads\convine pkgs\arengitems\resources\instances\beepkg\mirror\mirror_0.prt...Building visibility clusters...
done (0)
Finding displacement neighbors...
Finding lightmap sample positions...
Displacement Alpha : 0...1...2...3...4...5...6...7...8...9...10
Building Physics collision data...
done (0) (12050 bytes)
Placing detail props : 0...1...2...3...4...5...6...7...8...9...10
Compacting texture/material tables...
Reduced 48 texinfos to 20
Reduced 9 texdatas to 9 (223 bytes to 223)
Writing a:\downloads\convine pkgs\arengitems\resources\instances\beepkg\mirror\mirror_0.bsp

nummapplanes:     (   236 / 65536 )
nummapbrushes:    (    22 /  8192 )
nummapbrushsides: (   178 / 65536 )
num_map_overlays: (     2 /   512 )
nummodels:        (     6 /  1024 )
num_entities:     (    40 / 16384 )

0 seconds elapsed
[INFO] postcompiler.main(): HammerAddons postcompiler, srctools=v2.2.4.dev_6+d46509b, addons=v2.5.0
[INFO] postcompiler.main(): Map path is a:\downloads\convine pkgs\arengitems\resources\instances\beepkg\mirror\mirror_0.bsp
[INFO] config.parse(): Config path: "a:\downloads\convine pkgs\arengitems\resources\instances\beepkg\mirror\srctools.vdf"
[ERROR] logger.except_handler(): Uncaught Exception:
Traceback (most recent call last):
  File "srctools\scripts\postcompiler.py", line 281, in <module>
  File "srctools\scripts\postcompiler.py", line 94, in main
  File "srctools\scripts\config.py", line 87, in parse
ValueError: No game folder specified!
Add -game $gamedir to the command line, or set it in "a:\downloads\convine pkgs\arengitems\resources\instances\beepkg\mirror\srctools.vdf".
