PRT1
71
200
4 0 18 (0 33 190 ) (0 190 190 ) (0 190 -62 ) (0 33 -62 ) 
4 0 13 (78 33 -62 ) (190 33 -62 ) (190 33 -60 ) (78 33 -60 ) 
4 0 12 (0 33 -62 ) (78 33 -62 ) (78 33 -60 ) (0 33 -60 ) 
4 0 7 (190 33 -60 ) (190 33 -53 ) (0 33 -53 ) (0 33 -60 ) 
4 0 6 (190 33 -53 ) (190 33 -50 ) (10 33 -50 ) (10 33 -53 ) 
4 0 3 (190 33 -50 ) (190 33 74 ) (10 33 74 ) (10 33 -50 ) 
4 0 2 (10 33 190 ) (0 33 190 ) (0 33 77 ) (10 33 77 ) 
4 0 1 (190 33 74 ) (190 33 190 ) (10 33 190 ) (10 33 74 ) 
4 1 36 (190 0 190 ) (10 0 190 ) (10 0 74 ) (190 0 74 ) 
4 1 3 (190 0 74 ) (10 0 74 ) (10 33 74 ) (190 33 74 ) 
4 1 2 (10 33 190 ) (10 33 77 ) (10 0 77 ) (10 0 190 ) 
4 2 37 (10 0 190 ) (0 0 190 ) (0 0 77 ) (10 0 77 ) 
4 2 19 (0 0 77 ) (0 0 190 ) (0 33 190 ) (0 33 77 ) 
4 3 38 (190 0 74 ) (10 0 74 ) (10 0 -50 ) (190 0 -50 ) 
4 3 6 (10 33 -50 ) (190 33 -50 ) (190 0 -50 ) (10 0 -50 ) 
4 3 4 (10 30 -50 ) (10 0 -50 ) (10 0 74 ) (10 30 74 ) 
4 4 39 (10 0 74 ) (9 0 74 ) (9 0 -50 ) (10 0 -50 ) 
4 4 5 (9 30 74 ) (9 30 -50 ) (9 0 -50 ) (9 0 74 ) 
4 5 40 (9 0 74 ) (0 0 74 ) (0 0 -50 ) (9 0 -50 ) 
4 5 20 (0 0 -50 ) (0 0 74 ) (0 30 74 ) (0 30 -50 ) 
4 6 41 (190 0 -50 ) (10 0 -50 ) (10 0 -53 ) (190 0 -53 ) 
3 6 11 (13.201226 0 -53 ) (12 0 -53 ) (11.396732 3.608928 -53 ) 
4 6 10 (16.796839 0 -53 ) (13.201226 0 -53 ) (10 6.402345 -53 ) (10 6.796868 -53 ) 
4 6 9 (26.403610 0 -53 ) (16.796839 0 -53 ) (10 6.796868 -53 ) (10 8.201236 -53 ) 
4 6 8 (71.972290 0 -53 ) (26.403610 0 -53 ) (10 8.201236 -53 ) (10 10.332691 -53 ) 
5 6 7 (10 33 -53 ) (190 33 -53 ) (190 0 -53 ) (71.972290 0 -53 ) (10 10.332691 -53 ) 
4 7 42 (190 0 -53 ) (71.972275 0 -53 ) (71.972282 0 -60 ) (190 0 -60 ) 
4 7 29 (0 12 -53 ) (0 13.201241 -53 ) (0 13.201200 -60 ) (0 12 -60 ) 
4 7 28 (0 13.201241 -53 ) (0 16.796879 -53 ) (0 16.796875 -60 ) (0 13.201200 -60 ) 
4 7 27 (0 16.796879 -53 ) (0 26.397415 -53 ) (0 26.398176 -60 ) (0 16.796875 -60 ) 
4 7 26 (0 26.397415 -53 ) (0 33 -53 ) (0 33 -60 ) (0 26.398176 -60 ) 
3 7 16 (19.201477 8.798521 -60 ) (17.455158 9.089686 -60 ) (16 12 -60 ) 
3 7 15 (30.005772 6.997111 -60 ) (19.201477 8.798521 -60 ) (12 16 -60 ) 
4 7 14 (120 0 -60 ) (71.972275 0 -60 ) (30.005772 6.997111 -60 ) (6 19 -60 ) 
5 7 13 (190 0 -60 ) (120 0 -60 ) (0 20 -60 ) (78 33 -60 ) (190 33 -60 ) 
3 7 12 (0 20 -60 ) (0 33 -60 ) (78 33 -60 ) 
4 7 8 (3.602520 11.399634 -60 ) (71.973701 0 -60 ) (71.973183 0 -53 ) (3.603287 11.399372 -53 ) 
4 8 43 (71.972275 0 -53 ) (26.403610 0 -53 ) (26.403368 0 -60 ) (71.972282 0 -60 ) 
3 8 17 (20.532347 2.935308 -60 ) (19.417919 3.492484 -60 ) (19 6 -60 ) 
5 8 16 (28 0 -60 ) (26.403370 0 -60 ) (20.532347 2.935308 -60 ) (17.455158 9.089686 -60 ) (19.201479 8.798521 -60 ) 
4 8 15 (44 0 -60 ) (28 0 -60 ) (19.201479 8.798521 -60 ) (30.005774 6.997111 -60 ) 
3 8 14 (71.972275 0 -60 ) (44 0 -60 ) (30.005774 6.997111 -60 ) 
4 8 9 (7.189325 9.607553 -60 ) (26.405712 0 -60 ) (26.405960 0 -53 ) (7.189085 9.607795 -53 ) 
4 9 43 (26.403610 0 -53 ) (16.796839 0 -53 ) (16.796839 0 -60 ) (26.403368 0 -60 ) 
4 9 17 (22 0 -60 ) (20 0 -60 ) (19.417919 3.492483 -60 ) (20.532345 2.935308 -60 ) 
3 9 16 (26.403370 0 -60 ) (22 0 -60 ) (20.532345 2.935308 -60 ) 
4 9 10 (9.605469 7.191402 -60 ) (16.796856 0 -60 ) (16.796860 0 -53 ) (9.605461 7.191411 -53 ) 
4 10 45 (16.796839 0 -53 ) (13.201227 0 -53 ) (13.201231 0 -60 ) (16.796839 0 -60 ) 
4 10 11 (11.399649 3.603202 -60 ) (13.201284 0 -60 ) (13.201294 0 -53 ) (11.396705 3.609095 -53 ) 
4 11 45 (13.201227 0 -53 ) (12 0 -53 ) (12.001959 0 -60 ) (13.201231 0 -60 ) 
4 12 35 (0 20 -60 ) (0 22 -60 ) (0 22 -62 ) (0 20 -62 ) 
4 12 34 (0 22 -60 ) (0 28 -60 ) (0 28 -62 ) (0 22 -62 ) 
4 12 33 (0 28 -60 ) (0 33 -60 ) (0 33 -62 ) (0 28 -62 ) 
4 12 13 (0 20 -62 ) (78.003906 33 -62 ) (78.003906 33 -60 ) (0 20 -60 ) 
4 13 47 (190 0 -60 ) (120 0 -60 ) (120 0 -62 ) (190 0 -62 ) 
4 13 14 (6.001933 19 -62 ) (119.996712 0 -62 ) (119.996712 0 -60 ) (6.001930 19 -60 ) 
4 14 48 (120 0 -60 ) (44 0 -60 ) (44 0 -62 ) (120 0 -62 ) 
4 14 15 (12 16 -62 ) (44 0 -62 ) (44 0 -60 ) (12 16 -60 ) 
4 15 48 (44 0 -60 ) (28 0 -60 ) (28 0 -62 ) (44 0 -62 ) 
4 15 16 (16 12 -62 ) (28 0 -62 ) (28 0 -60 ) (16 12 -60 ) 
4 16 48 (28 0 -60 ) (22 0 -60 ) (22 0 -62 ) (28 0 -62 ) 
4 16 17 (19 6 -62 ) (22 0 -62 ) (22 0 -60 ) (19 6 -60 ) 
4 17 48 (22 0 -60 ) (20 0 -60 ) (20 0 -62 ) (22 0 -62 ) 
4 18 33 (-5.499999 33 -62 ) (0 33 -62 ) (0 33 -60 ) (-5.499999 33 -60 ) 
4 18 32 (-14.499999 33 -62 ) (-5.499999 33 -62 ) (-5.499999 33 -60 ) (-14.499999 33 -60 ) 
4 18 31 (-25.500000 33 -62 ) (-14.499999 33 -62 ) (-14.499999 33 -60 ) (-25.500000 33 -60 ) 
4 18 30 (-190 33 -62 ) (-25.500000 33 -62 ) (-25.500000 33 -60 ) (-190 33 -60 ) 
4 18 26 (0 33 -60 ) (0 33 -53 ) (-6.499486 33 -53 ) (-6.501207 33 -60 ) 
4 18 25 (-6.499486 33 -53 ) (-17.498152 33 -53 ) (-17.498138 33 -60 ) (-6.501207 33 -60 ) 
4 18 24 (-17.498152 33 -53 ) (-190 33 -53 ) (-190 33 -60 ) (-17.498138 33 -60 ) 
4 18 23 (-7 33 -50 ) (-190 33 -50 ) (-190 33 -53 ) (-7 33 -53 ) 
4 18 22 (-7 33 190 ) (-190 33 190 ) (-190 33 -50 ) (-7 33 -50 ) 
4 18 19 (0 33 77 ) (0 33 190 ) (-7 33 190 ) (-7 33 77 ) 
4 19 54 (0 0 77 ) (0 0 190 ) (-7 0 190 ) (-7 0 77 ) 
4 19 22 (-7 33 190 ) (-7 33 77 ) (-7 0 77 ) (-7 0 190 ) 
4 20 55 (0 0 -50 ) (0 0 74 ) (-6 0 74 ) (-6 0 -50 ) 
4 20 21 (-6 30 74 ) (-6 30 -50 ) (-6 0 -50 ) (-6 0 74 ) 
4 21 56 (-6 0 74 ) (-7 0 74 ) (-7 0 -50 ) (-6 0 -50 ) 
4 21 22 (-7 30 -50 ) (-7 0 -50 ) (-7 0 74 ) (-7 30 74 ) 
4 22 57 (-7 0 190 ) (-190 0 190 ) (-190 0 -50 ) (-7 0 -50 ) 
4 22 23 (-7 0 -50 ) (-190 0 -50 ) (-190 33 -50 ) (-7 33 -50 ) 
4 23 58 (-7 0 -50 ) (-190 0 -50 ) (-190 0 -53 ) (-7 0 -53 ) 
3 23 27 (-9.600800 7.196080 -53 ) (-7 12.397608 -53 ) (-7 9.796879 -53 ) 
3 23 26 (-11.398185 3.601360 -53 ) (-7 29.996264 -53 ) (-7 12.397608 -53 ) 
5 23 25 (-11.998280 0 -53 ) (-12 0 -53 ) (-17.498154 33 -53 ) (-7 33 -53 ) (-7 29.996264 -53 ) 
4 23 24 (-12 0 -53 ) (-190 0 -53 ) (-190 33 -53 ) (-17.498154 33 -53 ) 
4 24 63 (-12 0 -53 ) (-13.201101 0 -53 ) (-13.201061 0 -60 ) (-12 0 -60 ) 
4 24 62 (-13.201101 0 -53 ) (-16.796850 0 -53 ) (-16.796772 0 -60 ) (-13.201061 0 -60 ) 
4 24 61 (-16.796850 0 -53 ) (-26.402077 0 -53 ) (-26.402153 0 -60 ) (-16.796772 0 -60 ) 
4 24 60 (-26.402077 0 -53 ) (-71.977425 0 -53 ) (-71.986267 0 -60 ) (-26.402153 0 -60 ) 
4 24 59 (-71.977425 0 -53 ) (-190 0 -53 ) (-190 0 -60 ) (-71.986267 0 -60 ) 
3 24 33 (-14.499365 15.001266 -60 ) (-14.285051 13.714948 -60 ) (-16 12 -60 ) 
3 24 32 (-16 24.004061 -60 ) (-14.499365 15.001266 -60 ) (-19 6 -60 ) 
4 24 31 (-25.500000 33 -60 ) (-17.498138 33 -60 ) (-16 24.004061 -60 ) (-20 0 -60 ) 
4 24 30 (-190 33 -60 ) (-25.500000 33 -60 ) (-20 0 -60 ) (-190 0 -60 ) 
4 24 25 (-12 0 -60 ) (-17.498047 33 -60 ) (-17.497833 33 -53 ) (-12 0 -53 ) 
3 25 34 (-8.800844 19.199154 -60 ) (-9.091606 17.454197 -60 ) (-12 16 -60 ) 
4 25 33 (-7.001647 29.996704 -60 ) (-8.800844 19.199154 -60 ) (-14.285051 13.714948 -60 ) (-14.499365 15.001266 -60 ) 
5 25 32 (-14.500000 33 -60 ) (-6.501207 33 -60 ) (-7.001647 29.996704 -60 ) (-14.499365 15.001266 -60 ) (-16 24.004061 -60 ) 
3 25 31 (-17.498138 33 -60 ) (-14.500000 33 -60 ) (-16 24.004061 -60 ) 
4 25 26 (-11.399259 3.599971 -60 ) (-6.500329 33 -60 ) (-6.499023 33 -53 ) (-11.396936 3.603857 -53 ) 
3 26 35 (-2.932171 20.533916 -60 ) (-3.489967 19.418339 -60 ) (-6 19 -60 ) 
5 26 34 (0 28 -60 ) (0 26.398176 -60 ) (-2.932171 20.533916 -60 ) (-9.091606 17.454197 -60 ) (-8.800844 19.199152 -60 ) 
5 26 33 (-5.499999 33 -60 ) (0 33 -60 ) (0 28 -60 ) (-8.800844 19.199152 -60 ) (-7.001647 29.996704 -60 ) 
3 26 32 (-6.501207 33 -60 ) (-5.499999 33 -60 ) (-7.001647 29.996704 -60 ) 
4 26 27 (-9.598255 7.198624 -60 ) (0 26.394871 -60 ) (0 26.394508 -53 ) (-9.597558 7.199322 -53 ) 
4 27 35 (0 22 -60 ) (0 20 -60 ) (-3.489966 19.418339 -60 ) (-2.932171 20.533915 -60 ) 
3 27 34 (0 26.398176 -60 ) (0 22 -60 ) (-2.932171 20.533915 -60 ) 
4 27 28 (-7.191397 9.605471 -60 ) (0 16.796865 -60 ) (0 16.796871 -53 ) (-7.191320 9.605549 -53 ) 
4 28 29 (-3.602749 11.399471 -60 ) (0 13.200862 -60 ) (0 13.200916 -53 ) (-3.602891 11.399448 -53 ) 
4 30 69 (-20 0 -60 ) (-22 0 -60 ) (-22 0 -62 ) (-20 0 -62 ) 
4 30 68 (-22 0 -60 ) (-28 0 -60 ) (-28 0 -62 ) (-22 0 -62 ) 
4 30 67 (-28 0 -60 ) (-44 0 -60 ) (-44 0 -62 ) (-28 0 -62 ) 
4 30 66 (-44 0 -60 ) (-120 0 -60 ) (-120 0 -62 ) (-44 0 -62 ) 
4 30 65 (-120 0 -60 ) (-190 0 -60 ) (-190 0 -62 ) (-120 0 -62 ) 
4 30 31 (-20 0 -62 ) (-25.499664 33 -62 ) (-25.499664 33 -60 ) (-20 0 -60 ) 
4 31 32 (-18.998936 6.002127 -62 ) (-14.499023 33 -62 ) (-14.499023 33 -60 ) (-18.998936 6.002127 -60 ) 
4 32 33 (-16 12 -62 ) (-5.500000 33 -62 ) (-5.500000 33 -60 ) (-16 12 -60 ) 
4 33 34 (-12 16 -62 ) (0 28 -62 ) (0 28 -60 ) (-12 16 -60 ) 
4 34 35 (-6 19 -62 ) (0 22 -62 ) (0 22 -60 ) (-6 19 -60 ) 
4 36 53 (190 -33 190 ) (10 -33 190 ) (10 -33 74 ) (190 -33 74 ) 
4 36 38 (190 -33 74 ) (10 -33 74 ) (10 0 74 ) (190 0 74 ) 
4 36 37 (10 -33 77 ) (10 -33 190 ) (10 0 190 ) (10 0 77 ) 
4 37 54 (0 0 190 ) (0 0 77 ) (0 -33 77 ) (0 -33 190 ) 
4 37 53 (10 -33 190 ) (0 -33 190 ) (0 -33 77 ) (10 -33 77 ) 
4 38 53 (190 -33 74 ) (10 -33 74 ) (10 -33 -50 ) (190 -33 -50 ) 
4 38 41 (190 -33 -50 ) (10 -33 -50 ) (10 0 -50 ) (190 0 -50 ) 
4 38 39 (10 0 -50 ) (10 -30 -50 ) (10 -30 74 ) (10 0 74 ) 
4 39 40 (9 0 -50 ) (9 -30 -50 ) (9 -30 74 ) (9 0 74 ) 
4 40 55 (0 0 74 ) (0 0 -50 ) (0 -30 -50 ) (0 -30 74 ) 
4 41 53 (190 -33 -50 ) (10 -33 -50 ) (10 -33 -53 ) (190 -33 -53 ) 
4 41 46 (10 -6.796867 -53 ) (10 -6.402348 -53 ) (11.401304 -3.599739 -53 ) (11.043045 -5.753819 -53 ) 
3 41 45 (12 0 -53 ) (16.796837 0 -53 ) (11.043045 -5.753819 -53 ) 
4 41 43 (10 -10.331764 -53 ) (10 -6.796867 -53 ) (16.796837 0 -53 ) (71.932312 0 -53 ) 
5 41 42 (190 -33 -53 ) (10 -33 -53 ) (10 -10.331764 -53 ) (71.932312 0 -53 ) (190 0 -53 ) 
4 42 59 (0 -12 -60 ) (0 -33 -60 ) (0 -33 -53 ) (0 -12 -53 ) 
4 42 53 (190 -33 -53 ) (0 -33 -53 ) (0 -33 -60 ) (190 -33 -60 ) 
4 42 52 (17.456039 -9.087921 -60 ) (18.514782 -8.911298 -60 ) (18.400000 -9.599998 -60 ) (16 -12 -60 ) 
3 42 51 (18.514782 -8.911298 -60 ) (19.203613 -8.796385 -60 ) (18.400000 -9.599998 -60 ) 
3 42 50 (12 -16 -60 ) (9.599998 -18.400002 -60 ) (6 -19 -60 ) 
4 42 49 (19.203613 -8.796385 -60 ) (21.404861 -8.429165 -60 ) (22.702698 -16.216217 -60 ) (9.599998 -18.400002 -60 ) 
4 42 48 (21.404861 -8.429165 -60 ) (71.932304 0 -60 ) (120 0 -60 ) (22.702698 -16.216217 -60 ) 
5 42 47 (190 -33 -60 ) (0 -33 -60 ) (0 -20 -60 ) (120 0 -60 ) (190 0 -60 ) 
4 42 44 (5.757149 -11.039752 -60 ) (3.604323 -11.398893 -60 ) (3.609976 -11.398102 -53 ) (5.756951 -11.039934 -53 ) 
4 42 43 (71.933380 0 -60 ) (5.757149 -11.039752 -60 ) (5.756951 -11.039934 -53 ) (71.933952 0 -53 ) 
3 43 52 (19 -6 -60 ) (18.514784 -8.911297 -60 ) (17.456039 -9.087920 -60 ) 
4 43 51 (20 0 -60 ) (21.142857 -6.857140 -60 ) (19.203613 -8.796384 -60 ) (18.514784 -8.911297 -60 ) 
3 43 49 (21.142857 -6.857140 -60 ) (21.404861 -8.429164 -60 ) (19.203613 -8.796384 -60 ) 
3 43 48 (20 0 -60 ) (71.932304 0 -60 ) (21.404861 -8.429164 -60 ) 
4 43 46 (11.043026 -5.753927 -60 ) (9.605423 -7.191534 -60 ) (9.605400 -7.191547 -53 ) (11.043028 -5.753917 -53 ) 
4 43 45 (16.796936 0 -60 ) (11.043026 -5.753927 -60 ) (11.043028 -5.753917 -53 ) (16.796932 0 -53 ) 
4 43 44 (7.191677 -9.605287 -60 ) (5.757923 -11.039044 -60 ) (5.757910 -11.039046 -53 ) (7.187589 -9.609365 -53 ) 
4 45 46 (11.401068 -3.600242 -60 ) (11.042860 -5.754014 -60 ) (11.042862 -5.754001 -53 ) (11.401075 -3.600197 -53 ) 
4 47 64 (0 -20 -62 ) (0 -33 -62 ) (0 -33 -60 ) (0 -20 -60 ) 
4 47 53 (0 -33 -62 ) (190 -33 -62 ) (190 -33 -60 ) (0 -33 -60 ) 
4 47 50 (9.601370 -18.398630 -62 ) (6.003448 -18.998278 -62 ) (6.003448 -18.998278 -60 ) (9.601369 -18.398630 -60 ) 
4 47 49 (22.702522 -16.215128 -62 ) (9.601370 -18.398630 -62 ) (9.601369 -18.398630 -60 ) (22.702520 -16.215128 -60 ) 
4 47 48 (119.994354 0 -62 ) (22.702522 -16.215128 -62 ) (22.702520 -16.215128 -60 ) (119.994354 0 -60 ) 
4 48 51 (20 0 -62 ) (21.142597 -6.857402 -62 ) (21.142578 -6.857420 -60 ) (20 0 -60 ) 
4 48 49 (21.142597 -6.857402 -62 ) (22.702148 -16.214844 -62 ) (22.702148 -16.214844 -60 ) (21.142578 -6.857420 -60 ) 
4 49 52 (18.400002 -9.599998 -62 ) (16 -12 -62 ) (16 -12 -60 ) (18.400002 -9.599998 -60 ) 
4 49 51 (21.144531 -6.855469 -60 ) (21.144531 -6.855469 -62 ) (18.400002 -9.599998 -62 ) (18.400002 -9.599998 -60 ) 
4 49 50 (12 -16 -62 ) (9.600781 -18.399218 -62 ) (9.600781 -18.399218 -60 ) (12 -16 -60 ) 
4 51 52 (18.998474 -6.003053 -62 ) (18.398632 -9.601366 -62 ) (18.398632 -9.601366 -60 ) (18.998474 -6.003054 -60 ) 
4 53 70 (0 -33 -62 ) (0 -190 -62 ) (0 -190 190 ) (0 -33 190 ) 
4 54 70 (0 -33 77 ) (0 -33 190 ) (-7 -33 190 ) (-7 -33 77 ) 
4 54 57 (-7 -33 77 ) (-7 -33 190 ) (-7 0 190 ) (-7 0 77 ) 
4 55 56 (-6 0 -50 ) (-6 -30 -50 ) (-6 -30 74 ) (-6 0 74 ) 
4 56 57 (-7 0 -50 ) (-7 -30 -50 ) (-7 -30 74 ) (-7 0 74 ) 
4 57 70 (-7 -33 190 ) (-190 -33 190 ) (-190 -33 -50 ) (-7 -33 -50 ) 
4 57 58 (-7 -33 -50 ) (-190 -33 -50 ) (-190 0 -50 ) (-7 0 -50 ) 
4 58 70 (-7 -33 -50 ) (-190 -33 -50 ) (-190 -33 -53 ) (-7 -33 -53 ) 
3 58 63 (-13.201101 0 -53 ) (-12 0 -53 ) (-11.399736 -3.602798 -53 ) 
3 58 62 (-16.796848 0 -53 ) (-13.201101 0 -53 ) (-9.605461 -7.191417 -53 ) 
3 58 61 (-26.402073 0 -53 ) (-16.796848 0 -53 ) (-7.191428 -9.605460 -53 ) 
4 58 60 (-71.977425 0 -53 ) (-26.402073 0 -53 ) (-7 -9.701176 -53 ) (-7 -10.831639 -53 ) 
5 58 59 (-7 -33 -53 ) (-190 -33 -53 ) (-190 0 -53 ) (-71.977425 0 -53 ) (-7 -10.831639 -53 ) 
4 59 70 (0 -33 -60 ) (0 -33 -53 ) (-190 -33 -53 ) (-190 -33 -60 ) 
3 59 68 (-19.200731 -8.799268 -60 ) (-17.454849 -9.090303 -60 ) (-16 -12 -60 ) 
3 59 67 (-30.002857 -6.998570 -60 ) (-19.200731 -8.799268 -60 ) (-12 -16 -60 ) 
4 59 66 (-120 0 -60 ) (-71.986275 0 -60 ) (-30.002857 -6.998570 -60 ) (-6 -19 -60 ) 
5 59 65 (-78 -33 -60 ) (-190 -33 -60 ) (-190 0 -60 ) (-120 0 -60 ) (0 -20 -60 ) 
3 59 64 (0 -33 -60 ) (-78 -33 -60 ) (0 -20 -60 ) 
4 59 60 (-3.604495 -11.398992 -60 ) (-71.985260 0 -60 ) (-71.976166 0 -53 ) (-3.608994 -11.396702 -53 ) 
3 60 69 (-20.532589 -2.934824 -60 ) (-19.417976 -3.492138 -60 ) (-19 -6 -60 ) 
5 60 68 (-28 0 -60 ) (-26.402153 0 -60 ) (-20.532589 -2.934824 -60 ) (-17.454849 -9.090302 -60 ) (-19.200731 -8.799267 -60 ) 
4 60 67 (-44 0 -60 ) (-28 0 -60 ) (-19.200731 -8.799267 -60 ) (-30.002855 -6.998570 -60 ) 
3 60 66 (-71.986275 0 -60 ) (-44 0 -60 ) (-30.002855 -6.998570 -60 ) 
4 60 61 (-7.190621 -9.606190 -60 ) (-26.402834 0 -60 ) (-26.402756 0 -53 ) (-7.190859 -9.606030 -53 ) 
4 61 69 (-22 0 -60 ) (-20 0 -60 ) (-19.417976 -3.492138 -60 ) (-20.532589 -2.934824 -60 ) 
3 61 68 (-26.402153 0 -60 ) (-22 0 -60 ) (-20.532589 -2.934824 -60 ) 
4 61 62 (-9.606070 -7.190120 -60 ) (-16.796175 0 -60 ) (-16.796249 0 -53 ) (-9.606071 -7.190197 -53 ) 
4 62 63 (-11.399908 -3.601770 -60 ) (-13.200756 0 -60 ) (-13.200790 0 -53 ) (-11.399889 -3.601882 -53 ) 
4 64 70 (-78 -33 -62 ) (0 -33 -62 ) (0 -33 -60 ) (-78 -33 -60 ) 
4 64 65 (0 -20 -62 ) (-78.003906 -33 -62 ) (-78.003906 -33 -60 ) (0 -20 -60 ) 
4 65 70 (-190 -33 -62 ) (-78 -33 -62 ) (-78 -33 -60 ) (-190 -33 -60 ) 
4 65 66 (-6.001933 -19 -62 ) (-119.996712 0 -62 ) (-119.996712 0 -60 ) (-6.001930 -19 -60 ) 
4 66 67 (-12 -16 -62 ) (-44 0 -62 ) (-44 0 -60 ) (-12 -16 -60 ) 
4 67 68 (-16 -12 -62 ) (-28 0 -62 ) (-28 0 -60 ) (-16 -12 -60 ) 
4 68 69 (-19 -6 -62 ) (-22 0 -62 ) (-22 0 -60 ) (-19 -6 -60 ) 
